Current Directory:C:/SVN_HO~1/trunk/HOT2000/GUI/Debug
Monday, 16 of September 2013 0:0:0
All Directorys for project NZEH-H3K1 created
=========Window data======
CFG fileuser/NZEH-H3K1/cfg/NZEH-H3K1.cfg open for write
AIM fileuser/NZEH-H3K1/aim/NZEH-H3K1.aim open for write
BCD fileuser/NZEH-H3K1/bcd/NZEH-H3K1.bcd open for write
CON fileuser/NZEH-H3K1/zones/L2Z2CoreMain.con open for write
CON fileuser/NZEH-H3K1/zones/L1Z1CoreBasement.con open for write
BSM fileuser/NZEH-H3K1/bsm/L1Z1CoreBasement.bsm open for write
CON fileuser/NZEH-H3K1/zones/L3Z3CoreMain.con open for write
CON fileuser/NZEH-H3K1/zones/L3Z4CoreAttic.con open for write
CNN fileuser/NZEH-H3K1/cfg/NZEH-H3K1.cnn open for write
----------surface parameters-------------|---connecting zone-------
 # zon       name optics  type    db_name|Zone      name type surf#
-----------------------------------------|-------------------------
 1  1    wa01C0202  OPAQ  VERT   ext_wall|  0   EXTERIOR   0   0
 2  1    wa02C0202  OPAQ  VERT   ext_wall|  0   EXTERIOR   0   0
 3  1    wa03C0202  OPAQ  VERT   ext_wall|  0   EXTERIOR   0   0
 4  1    wa04C0202  OPAQ  VERT   ext_wall|  0   EXTERIOR   0   0
 5  1    fl01C0202  OPAQ  FLOR     floors|  2 L1Z1CoreBasement   3   6
 6  1    ce01C0202  OPAQ  CEIL   floors_r|  3 L3Z3CoreMain   3   5
 7  1    wi01C0202  TRAN  VERT     window|  0   EXTERIOR   0   0
 8  1    do01C0202  OPAQ  VERT   ext_door|  0   EXTERIOR   0   0
 9  1    wi02C0202  TRAN  VERT     window|  0   EXTERIOR   0   0
10  1    wi03C0202  TRAN  VERT     window|  0   EXTERIOR   0   0
11  1    do02C0202  OPAQ  VERT   ext_door|  0   EXTERIOR   0   0
12  1    wi04C0202  TRAN  VERT     window|  0   EXTERIOR   0   0
----------surface parameters-------------|---connecting zone-------
 # zon       name optics  type    db_name|Zone      name type surf#
-----------------------------------------|-------------------------
 1  2    wa01C0101  OPAQ  VERT foundation|  1   BASESIMP   6   6
 2  2    wa02C0101  OPAQ  VERT foundation|  1   BASESIMP   6  13
 3  2    wa03C0101  OPAQ  VERT foundation|  1   BASESIMP   6   6
 4  2    wa04C0101  OPAQ  VERT foundation|  1   BASESIMP   6  13
 5  2    fl01C0101  OPAQ  FLOR  fnd_floor|  1   BASESIMP   6  62
 6  2    ce01C0101  OPAQ  CEIL   floors_r|  1 L2Z2CoreMain   3   5
 7  2    wi01C0101  TRAN  VERT     window|  0   EXTERIOR   0   0
 8  2    wi02C0101  TRAN  VERT     window|  0   EXTERIOR   0   0
 9  2    wi03C0101  TRAN  VERT     window|  0   EXTERIOR   0   0
10  2    wi04C0101  TRAN  VERT     window|  0   EXTERIOR   0   0
----------surface parameters-------------|---connecting zone-------
 # zon       name optics  type    db_name|Zone      name type surf#
-----------------------------------------|-------------------------
 1  3    wa01C0303  OPAQ  VERT   ext_wall|  0   EXTERIOR   0   0
 2  3    wa02C0303  OPAQ  VERT   ext_wall|  0   EXTERIOR   0   0
 3  3    wa03C0303  OPAQ  VERT   ext_wall|  0   EXTERIOR   0   0
 4  3    wa04C0303  OPAQ  VERT   ext_wall|  0   EXTERIOR   0   0
 5  3    fl01C0303  OPAQ  FLOR     floors|  1 L2Z2CoreMain   3   6
 6  3    ce01C0303  OPAQ  CEIL   floors_r|  4 L3Z4CoreAttic   3   3
 7  3    wi01C0303  TRAN  VERT     window|  0   EXTERIOR   0   0
 8  3    wi02C0303  TRAN  VERT     window|  0   EXTERIOR   0   0
 9  3    wi03C0303  TRAN  VERT     window|  0   EXTERIOR   0   0
10  3    wi04C0303  TRAN  VERT     window|  0   EXTERIOR   0   0
----------surface parameters-------------|---connecting zone-------
 # zon       name optics  type    db_name|Zone      name type surf#
-----------------------------------------|-------------------------
 1  4    wa01C0304  OPAQ  VERT   ext_wall|  0   EXTERIOR   0   0
 2  4    wa02C0304  OPAQ  VERT   ext_wall|  0   EXTERIOR   0   0
 3  4    fl01C0304  OPAQ  FLOR     floors|  3 L3Z3CoreMain   3   6
 4  4    ce01C0304  OPAQ  SLOP    asphalt|  0   EXTERIOR   0   0
 5  4    ce02C0304  OPAQ  SLOP    asphalt|  0   EXTERIOR   0   0
