Current Directory:C:/trunk/HOT2000/GUI/Debug
Monday, 2 of May 2011 0:0:0
All Directorys for project green_valley created
=========Window data======
CFG fileuser/green_valley/cfg/green_valley.cfg open for write
AIM fileuser/green_valley/aim/green_valley.aim open for write
CON fileuser/green_valley/zones/basement.con open for write
CON fileuser/green_valley/zones/main.con open for write
CON fileuser/green_valley/zones/second.con open for write
CON fileuser/green_valley/zones/garage.con open for write
CNN fileuser/green_valley/cfg/green_valley.cnn open for write
----------surface parameters-------------|---connecting zone-------
 # zon       name optics  type    db_name|Zone      name type surf#
-----------------------------------------|-------------------------
 1  1    wa01C0101  OPAQ  VERT   ext_wall|  0   EXTERIOR   0   0
 2  1    wa02C0101  OPAQ  VERT intern_wall|  4     garage   3   5
 3  1    wa03C0101  OPAQ  VERT intern_wall|  4     garage   3   2
 4  1    wa04C0101  OPAQ  VERT   ext_wall|  0   EXTERIOR   0   0
 5  1    wa05C0101  OPAQ  VERT   ext_wall|  0   EXTERIOR   0   0
 6  1    wa06C0101  OPAQ  VERT   ext_wall|  0   EXTERIOR   0   0
 7  1    fl01C0101  OPAQ  FLOR slab_floor| 28   BASESIMP   6 100
 8  1    ce01C0101  OPAQ  CEIL   floors_r|  2       main   3   6
 9  1    do01C0101  OPAQ  VERT   ext_door|  0   EXTERIOR   0   0
10  1    wi02C0101  TRAN  VERT     window|  0   EXTERIOR   0   0
11  1    wi03C0101  TRAN  VERT     window|  0   EXTERIOR   0   0
----------surface parameters-------------|---connecting zone-------
 # zon       name optics  type    db_name|Zone      name type surf#
-----------------------------------------|-------------------------
 1  2    wa01C0202  OPAQ  VERT   ext_wall|  0   EXTERIOR   0   0
 2  2    wa02C0202  OPAQ  VERT   ext_wall|  0   EXTERIOR   0   0
 3  2    wa03C0202  OPAQ  VERT   ext_wall|  0   EXTERIOR   0   0
 4  2    wa04C0202  OPAQ  VERT   ext_wall|  0   EXTERIOR   0   0
 5  2    fl01C0202  OPAQ  FLOR     floors|  4     garage   3   7
 6  2    fl02C0202  OPAQ  FLOR     floors|  1   basement   3   8
 7  2    ce01C0202  OPAQ  CEIL   floors_r|  3     second   3   5
 8  2    wi01C0202  TRAN  VERT     window|  0   EXTERIOR   0   0
 9  2    wi03C0202  TRAN  VERT     window|  0   EXTERIOR   0   0
10  2    wi02C0202  TRAN  VERT     window|  0   EXTERIOR   0   0
11  2    wi04C0202  TRAN  VERT     window|  0   EXTERIOR   0   0
----------surface parameters-------------|---connecting zone-------
 # zon       name optics  type    db_name|Zone      name type surf#
-----------------------------------------|-------------------------
 1  3    wa01C0303  OPAQ  VERT   ext_wall|  0   EXTERIOR   0   0
 2  3    wa02C0303  OPAQ  VERT   ext_wall|  0   EXTERIOR   0   0
 3  3    wa03C0303  OPAQ  VERT   ext_wall|  0   EXTERIOR   0   0
 4  3    wa04C0303  OPAQ  VERT   ext_wall|  0   EXTERIOR   0   0
 5  3    fl01C0303  OPAQ  FLOR     floors|  2       main   3   7
 6  3    ce01C0303  OPAQ  SLOP    asphalt|  0   EXTERIOR   0   0
 7  3    wi01C0303  TRAN  VERT     window|  0   EXTERIOR   0   0
 8  3    wi03C0303  TRAN  VERT     window|  0   EXTERIOR   0   0
 9  3    wi02C0303  TRAN  VERT     window|  0   EXTERIOR   0   0
10  3    wi04C0303  TRAN  VERT     window|  0   EXTERIOR   0   0
----------surface parameters-------------|---connecting zone-------
 # zon       name optics  type    db_name|Zone      name type surf#
-----------------------------------------|-------------------------
 1  4    wa01F0104  OPAQ  VERT   ext_wall|  0   EXTERIOR   0   0
 2  4    wa02F0104  OPAQ  VERT intern_wall|  1   basement   3   3
 3  4    wa03F0104  OPAQ  VERT   ext_wall|  0   EXTERIOR   0   0
 4  4    wa04F0104  OPAQ  VERT   ext_wall|  0   EXTERIOR   0   0
 5  4    wa05F0104  OPAQ  VERT intern_wall|  1   basement   3   2
 6  4    fl01F0104  OPAQ  FLOR slab_floor| 28   BASESIMP   6 100
 7  4    ce01F0104  OPAQ  CEIL   floors_r|  2       main   3   5
 8  4    ce02F0104  OPAQ  SLOP    asphalt|  0   EXTERIOR   0   0
 9  4    do02F0104  OPAQ  VERT   ext_door|  0   EXTERIOR   0   0
